<?xml version="1.0" encoding="UTF-8"?>
<!-- Generated by org.testng.reporters.JUnitXMLReporter -->
<testsuite ignored="0" hostname="mech.local" failures="1" tests="1" name="Test" time="8.844" errors="0" timestamp="2020-01-10T21:16:51 GMT">
  <testcase classname="testzenlabs.general_information.General_Information" name="generalInformationTest" time="4.284">
    <failure type="java.lang.AssertionError" message="expected [mahesh] but found [madan]">
      <![CDATA[java.lang.AssertionError: expected [mahesh] but found [madan]
at testzenlabs.general_information.General_Information.generalInformationTest(General_Information.java:42)
at java.base/java.util.ArrayList.forEach(ArrayList.java:1378)
... Removed 32 stack frames]]>
    </failure>
  </testcase> <!-- generalInformationTest -->
</testsuite> <!-- Test -->
